<?xml version="1.0" encoding="UTF-8"?>
<!-- Generated by org.testng.reporters.JUnitXMLReporter -->
<testsuite hostname="Vladimir-MacBook-Pro.local" ignored="0" name="Default test" tests="3" failures="0" timestamp="05 Jul 2019 22:04:36 GMT" time="0.053" errors="0">
  <testcase name="test" time="0.017" classname="core.PrimeNumberCheckerTest"/>
  <testcase name="test" time="0.002" classname="core.PrimeNumberCheckerTest"/>
  <testcase name="test" time="0.002" classname="core.PrimeNumberCheckerTest"/>
</testsuite> <!-- Default test -->
